{"/home/carmichael/code/opensource/boats/src/Injector.js": {"path":"/home/carmichael/code/opensource/boats/src/Injector.js","statementMap":{"0":{"start":{"line":3,"column":4},"end":{"line":5,"column":5}},"1":{"start":{"line":4,"column":6},"end":{"line":4,"column":24}},"2":{"start":{"line":6,"column":4},"end":{"line":11,"column":5}},"3":{"start":{"line":7,"column":24},"end":{"line":7,"column":47}},"4":{"start":{"line":8,"column":6},"end":{"line":10,"column":7}},"5":{"start":{"line":9,"column":8},"end":{"line":9,"column":82}},"6":{"start":{"line":12,"column":4},"end":{"line":12,"column":22}},"7":{"start":{"line":16,"column":4},"end":{"line":18,"column":5}},"8":{"start":{"line":17,"column":6},"end":{"line":17,"column":69}},"9":{"start":{"line":19,"column":4},"end":{"line":21,"column":5}},"10":{"start":{"line":20,"column":6},"end":{"line":20,"column":72}},"11":{"start":{"line":22,"column":4},"end":{"line":22,"column":22}},"12":{"start":{"line":26,"column":23},"end":{"line":26,"column":46}},"13":{"start":{"line":27,"column":4},"end":{"line":46,"column":5}},"14":{"start":{"line":28,"column":6},"end":{"line":30,"column":7}},"15":{"start":{"line":29,"column":8},"end":{"line":29,"column":16}},"16":{"start":{"line":31,"column":6},"end":{"line":45,"column":7}},"17":{"start":{"line":32,"column":31},"end":{"line":32,"column":59}},"18":{"start":{"line":33,"column":8},"end":{"line":44,"column":9}},"19":{"start":{"line":34,"column":32},"end":{"line":34,"column":72}},"20":{"start":{"line":35,"column":10},"end":{"line":41,"column":11}},"21":{"start":{"line":36,"column":12},"end":{"line":40,"column":13}},"22":{"start":{"line":37,"column":14},"end":{"line":37,"column":120}},"23":{"start":{"line":39,"column":14},"end":{"line":39,"column":101}},"24":{"start":{"line":43,"column":10},"end":{"line":43,"column":67}},"25":{"start":{"line":47,"column":4},"end":{"line":47,"column":22}},"26":{"start":{"line":51,"column":23},"end":{"line":51,"column":46}},"27":{"start":{"line":52,"column":4},"end":{"line":75,"column":5}},"28":{"start":{"line":53,"column":6},"end":{"line":55,"column":7}},"29":{"start":{"line":54,"column":8},"end":{"line":54,"column":16}},"30":{"start":{"line":57,"column":6},"end":{"line":74,"column":7}},"31":{"start":{"line":59,"column":8},"end":{"line":73,"column":9}},"32":{"start":{"line":60,"column":33},"end":{"line":60,"column":61}},"33":{"start":{"line":61,"column":10},"end":{"line":72,"column":11}},"34":{"start":{"line":62,"column":34},"end":{"line":62,"column":76}},"35":{"start":{"line":63,"column":12},"end":{"line":69,"column":13}},"36":{"start":{"line":64,"column":14},"end":{"line":68,"column":15}},"37":{"start":{"line":65,"column":16},"end":{"line":65,"column":126}},"38":{"start":{"line":67,"column":16},"end":{"line":67,"column":105}},"39":{"start":{"line":71,"column":12},"end":{"line":71,"column":71}},"40":{"start":{"line":76,"column":4},"end":{"line":76,"column":22}},"41":{"start":{"line":80,"column":0},"end":{"line":80,"column":31}}},"fnMap":{"0":{"name":"(anonymous_0)","decl":{"start":{"line":2,"column":2},"end":{"line":2,"column":3}},"loc":{"start":{"line":2,"column":21},"end":{"line":13,"column":3}},"line":2},"1":{"name":"(anonymous_1)","decl":{"start":{"line":15,"column":2},"end":{"line":15,"column":3}},"loc":{"start":{"line":15,"column":43},"end":{"line":23,"column":3}},"line":15},"2":{"name":"(anonymous_2)","decl":{"start":{"line":25,"column":2},"end":{"line":25,"column":3}},"loc":{"start":{"line":25,"column":51},"end":{"line":48,"column":3}},"line":25},"3":{"name":"(anonymous_3)","decl":{"start":{"line":50,"column":2},"end":{"line":50,"column":3}},"loc":{"start":{"line":50,"column":48},"end":{"line":77,"column":3}},"line":50}},"branchMap":{"0":{"loc":{"start":{"line":3,"column":4},"end":{"line":5,"column":5}},"type":"if","locations":[{"start":{"line":3,"column":4},"end":{"line":5,"column":5}},{"start":{"line":3,"column":4},"end":{"line":5,"column":5}}],"line":3},"1":{"loc":{"start":{"line":8,"column":6},"end":{"line":10,"column":7}},"type":"if","locations":[{"start":{"line":8,"column":6},"end":{"line":10,"column":7}},{"start":{"line":8,"column":6},"end":{"line":10,"column":7}}],"line":8},"2":{"loc":{"start":{"line":16,"column":4},"end":{"line":18,"column":5}},"type":"if","locations":[{"start":{"line":16,"column":4},"end":{"line":18,"column":5}},{"start":{"line":16,"column":4},"end":{"line":18,"column":5}}],"line":16},"3":{"loc":{"start":{"line":19,"column":4},"end":{"line":21,"column":5}},"type":"if","locations":[{"start":{"line":19,"column":4},"end":{"line":21,"column":5}},{"start":{"line":19,"column":4},"end":{"line":21,"column":5}}],"line":19},"4":{"loc":{"start":{"line":26,"column":23},"end":{"line":26,"column":46}},"type":"binary-expr","locations":[{"start":{"line":26,"column":23},"end":{"line":26,"column":40}},{"start":{"line":26,"column":44},"end":{"line":26,"column":46}}],"line":26},"5":{"loc":{"start":{"line":28,"column":6},"end":{"line":30,"column":7}},"type":"if","locations":[{"start":{"line":28,"column":6},"end":{"line":30,"column":7}},{"start":{"line":28,"column":6},"end":{"line":30,"column":7}}],"line":28},"6":{"loc":{"start":{"line":33,"column":8},"end":{"line":44,"column":9}},"type":"if","locations":[{"start":{"line":33,"column":8},"end":{"line":44,"column":9}},{"start":{"line":33,"column":8},"end":{"line":44,"column":9}}],"line":33},"7":{"loc":{"start":{"line":35,"column":10},"end":{"line":41,"column":11}},"type":"if","locations":[{"start":{"line":35,"column":10},"end":{"line":41,"column":11}},{"start":{"line":35,"column":10},"end":{"line":41,"column":11}}],"line":35},"8":{"loc":{"start":{"line":36,"column":12},"end":{"line":40,"column":13}},"type":"if","locations":[{"start":{"line":36,"column":12},"end":{"line":40,"column":13}},{"start":{"line":36,"column":12},"end":{"line":40,"column":13}}],"line":36},"9":{"loc":{"start":{"line":51,"column":23},"end":{"line":51,"column":46}},"type":"binary-expr","locations":[{"start":{"line":51,"column":23},"end":{"line":51,"column":40}},{"start":{"line":51,"column":44},"end":{"line":51,"column":46}}],"line":51},"10":{"loc":{"start":{"line":53,"column":6},"end":{"line":55,"column":7}},"type":"if","locations":[{"start":{"line":53,"column":6},"end":{"line":55,"column":7}},{"start":{"line":53,"column":6},"end":{"line":55,"column":7}}],"line":53},"11":{"loc":{"start":{"line":61,"column":10},"end":{"line":72,"column":11}},"type":"if","locations":[{"start":{"line":61,"column":10},"end":{"line":72,"column":11}},{"start":{"line":61,"column":10},"end":{"line":72,"column":11}}],"line":61},"12":{"loc":{"start":{"line":63,"column":12},"end":{"line":69,"column":13}},"type":"if","locations":[{"start":{"line":63,"column":12},"end":{"line":69,"column":13}},{"start":{"line":63,"column":12},"end":{"line":69,"column":13}}],"line":63},"13":{"loc":{"start":{"line":64,"column":14},"end":{"line":68,"column":15}},"type":"if","locations":[{"start":{"line":64,"column":14},"end":{"line":68,"column":15}},{"start":{"line":64,"column":14},"end":{"line":68,"column":15}}],"line":64}},"s":{"0":0,"1":0,"2":0,"3":0,"4":0,"5":0,"6":0,"7":0,"8":0,"9":0,"10":0,"11":0,"12":0,"13":0,"14":0,"15":0,"16":0,"17":0,"18":0,"19":0,"20":0,"21":0,"22":0,"23":0,"24":0,"25":0,"26":0,"27":0,"28":0,"29":0,"30":0,"31":0,"32":0,"33":0,"34":0,"35":0,"36":0,"37":0,"38":0,"39":0,"40":0,"41":0},"f":{"0":0,"1":0,"2":0,"3":0},"b":{"0":[0,0],"1":[0,0],"2":[0,0],"3":[0,0],"4":[0,0],"5":[0,0],"6":[0,0],"7":[0,0],"8":[0,0],"9":[0,0],"10":[0,0],"11":[0,0],"12":[0,0],"13":[0,0]},"hash":"47a826e3f19f77f8d8048fa5c89657097180df5d"}
,"/home/carmichael/code/opensource/boats/src/Template.js": {"path":"/home/carmichael/code/opensource/boats/src/Template.js","statementMap":{"0":{"start":{"line":1,"column":13},"end":{"line":1,"column":28}},"1":{"start":{"line":2,"column":17},"end":{"line":2,"column":36}},"2":{"start":{"line":3,"column":15},"end":{"line":3,"column":32}},"3":{"start":{"line":4,"column":11},"end":{"line":4,"column":30}},"4":{"start":{"line":5,"column":37},"end":{"line":5,"column":78}},"5":{"start":{"line":6,"column":20},"end":{"line":6,"column":44}},"6":{"start":{"line":7,"column":17},"end":{"line":7,"column":38}},"7":{"start":{"line":29,"column":4},"end":{"line":52,"column":6}},"8":{"start":{"line":30,"column":6},"end":{"line":32,"column":7}},"9":{"start":{"line":31,"column":8},"end":{"line":31,"column":104}},"10":{"start":{"line":33,"column":6},"end":{"line":33,"column":50}},"11":{"start":{"line":35,"column":6},"end":{"line":51,"column":10}},"12":{"start":{"line":37,"column":29},"end":{"line":37,"column":92}},"13":{"start":{"line":38,"column":27},"end":{"line":38,"column":146}},"14":{"start":{"line":39,"column":10},"end":{"line":41,"column":11}},"15":{"start":{"line":40,"column":12},"end":{"line":40,"column":40}},"16":{"start":{"line":42,"column":10},"end":{"line":42,"column":49}},"17":{"start":{"line":45,"column":10},"end":{"line":45,"column":43}},"18":{"start":{"line":48,"column":10},"end":{"line":50,"column":11}},"19":{"start":{"line":61,"column":4},"end":{"line":63,"column":5}},"20":{"start":{"line":62,"column":6},"end":{"line":62,"column":67}},"21":{"start":{"line":64,"column":4},"end":{"line":66,"column":5}},"22":{"start":{"line":65,"column":6},"end":{"line":65,"column":67}},"23":{"start":{"line":67,"column":4},"end":{"line":67,"column":27}},"24":{"start":{"line":79,"column":21},"end":{"line":79,"column":44}},"25":{"start":{"line":80,"column":4},"end":{"line":89,"column":5}},"26":{"start":{"line":98,"column":4},"end":{"line":100,"column":11}},"27":{"start":{"line":104,"column":20},"end":{"line":104,"column":30}},"28":{"start":{"line":105,"column":18},"end":{"line":105,"column":42}},"29":{"start":{"line":106,"column":4},"end":{"line":106,"column":48}},"30":{"start":{"line":121,"column":4},"end":{"line":121,"column":42}},"31":{"start":{"line":122,"column":4},"end":{"line":122,"column":50}},"32":{"start":{"line":123,"column":4},"end":{"line":123,"column":32}},"33":{"start":{"line":124,"column":4},"end":{"line":124,"column":63}},"34":{"start":{"line":125,"column":4},"end":{"line":125,"column":79}},"35":{"start":{"line":126,"column":4},"end":{"line":126,"column":24}},"36":{"start":{"line":127,"column":4},"end":{"line":127,"column":60}},"37":{"start":{"line":128,"column":4},"end":{"line":128,"column":62}},"38":{"start":{"line":129,"column":4},"end":{"line":137,"column":5}},"39":{"start":{"line":130,"column":25},"end":{"line":130,"column":54}},"40":{"start":{"line":131,"column":6},"end":{"line":131,"column":66}},"41":{"start":{"line":132,"column":6},"end":{"line":132,"column":25}},"42":{"start":{"line":134,"column":6},"end":{"line":134,"column":73}},"43":{"start":{"line":135,"column":6},"end":{"line":135,"column":22}},"44":{"start":{"line":136,"column":6},"end":{"line":136,"column":21}},"45":{"start":{"line":147,"column":19},"end":{"line":147,"column":47}},"46":{"start":{"line":149,"column":18},"end":{"line":149,"column":20}},"47":{"start":{"line":150,"column":4},"end":{"line":161,"column":5}},"48":{"start":{"line":151,"column":21},"end":{"line":155,"column":7}},"49":{"start":{"line":156,"column":19},"end":{"line":156,"column":90}},"50":{"start":{"line":157,"column":6},"end":{"line":159,"column":7}},"51":{"start":{"line":157,"column":19},"end":{"line":157,"column":20}},"52":{"start":{"line":158,"column":8},"end":{"line":158,"column":40}},"53":{"start":{"line":160,"column":6},"end":{"line":160,"column":28}},"54":{"start":{"line":162,"column":4},"end":{"line":162,"column":18}},"55":{"start":{"line":171,"column":22},"end":{"line":181,"column":5}},"56":{"start":{"line":182,"column":4},"end":{"line":189,"column":5}},"57":{"start":{"line":183,"column":17},"end":{"line":183,"column":41}},"58":{"start":{"line":184,"column":6},"end":{"line":186,"column":7}},"59":{"start":{"line":185,"column":8},"end":{"line":185,"column":63}},"60":{"start":{"line":188,"column":6},"end":{"line":188,"column":24}},"61":{"start":{"line":199,"column":14},"end":{"line":199,"column":63}},"62":{"start":{"line":200,"column":4},"end":{"line":200,"column":63}},"63":{"start":{"line":201,"column":4},"end":{"line":201,"column":50}},"64":{"start":{"line":202,"column":4},"end":{"line":202,"column":50}},"65":{"start":{"line":203,"column":4},"end":{"line":203,"column":64}},"66":{"start":{"line":205,"column":4},"end":{"line":205,"column":75}},"67":{"start":{"line":207,"column":4},"end":{"line":207,"column":73}},"68":{"start":{"line":208,"column":4},"end":{"line":208,"column":67}},"69":{"start":{"line":209,"column":4},"end":{"line":209,"column":65}},"70":{"start":{"line":210,"column":4},"end":{"line":210,"column":58}},"71":{"start":{"line":211,"column":4},"end":{"line":211,"column":64}},"72":{"start":{"line":213,"column":27},"end":{"line":213,"column":51}},"73":{"start":{"line":214,"column":4},"end":{"line":216,"column":5}},"74":{"start":{"line":215,"column":6},"end":{"line":215,"column":45}},"75":{"start":{"line":217,"column":4},"end":{"line":222,"column":5}},"76":{"start":{"line":218,"column":6},"end":{"line":221,"column":8}},"77":{"start":{"line":219,"column":21},"end":{"line":219,"column":40}},"78":{"start":{"line":220,"column":8},"end":{"line":220,"column":47}},"79":{"start":{"line":223,"column":4},"end":{"line":228,"column":6}},"80":{"start":{"line":224,"column":6},"end":{"line":227,"column":7}},"81":{"start":{"line":236,"column":4},"end":{"line":236,"column":86}},"82":{"start":{"line":240,"column":0},"end":{"line":240,"column":31}}},"fnMap":{"0":{"name":"(anonymous_0)","decl":{"start":{"line":20,"column":2},"end":{"line":20,"column":3}},"loc":{"start":{"line":28,"column":4},"end":{"line":53,"column":3}},"line":28},"1":{"name":"(anonymous_1)","decl":{"start":{"line":29,"column":23},"end":{"line":29,"column":24}},"loc":{"start":{"line":29,"column":44},"end":{"line":52,"column":5}},"line":29},"2":{"name":"(anonymous_2)","decl":{"start":{"line":36,"column":20},"end":{"line":36,"column":21}},"loc":{"start":{"line":36,"column":36},"end":{"line":43,"column":9}},"line":36},"3":{"name":"(anonymous_3)","decl":{"start":{"line":44,"column":21},"end":{"line":44,"column":22}},"loc":{"start":{"line":44,"column":36},"end":{"line":46,"column":9}},"line":44},"4":{"name":"(anonymous_4)","decl":{"start":{"line":47,"column":19},"end":{"line":47,"column":20}},"loc":{"start":{"line":47,"column":25},"end":{"line":51,"column":9}},"line":47},"5":{"name":"(anonymous_5)","decl":{"start":{"line":60,"column":2},"end":{"line":60,"column":3}},"loc":{"start":{"line":60,"column":38},"end":{"line":68,"column":3}},"line":60},"6":{"name":"(anonymous_6)","decl":{"start":{"line":78,"column":2},"end":{"line":78,"column":3}},"loc":{"start":{"line":78,"column":64},"end":{"line":90,"column":3}},"line":78},"7":{"name":"(anonymous_7)","decl":{"start":{"line":97,"column":2},"end":{"line":97,"column":3}},"loc":{"start":{"line":97,"column":28},"end":{"line":101,"column":3}},"line":97},"8":{"name":"(anonymous_8)","decl":{"start":{"line":103,"column":2},"end":{"line":103,"column":3}},"loc":{"start":{"line":103,"column":46},"end":{"line":107,"column":3}},"line":103},"9":{"name":"(anonymous_9)","decl":{"start":{"line":120,"column":2},"end":{"line":120,"column":3}},"loc":{"start":{"line":120,"column":128},"end":{"line":138,"column":3}},"line":120},"10":{"name":"(anonymous_10)","decl":{"start":{"line":146,"column":2},"end":{"line":146,"column":3}},"loc":{"start":{"line":146,"column":47},"end":{"line":163,"column":3}},"line":146},"11":{"name":"(anonymous_11)","decl":{"start":{"line":170,"column":2},"end":{"line":170,"column":3}},"loc":{"start":{"line":170,"column":33},"end":{"line":190,"column":3}},"line":170},"12":{"name":"(anonymous_12)","decl":{"start":{"line":198,"column":2},"end":{"line":198,"column":3}},"loc":{"start":{"line":198,"column":72},"end":{"line":229,"column":3}},"line":198},"13":{"name":"(anonymous_13)","decl":{"start":{"line":218,"column":25},"end":{"line":218,"column":26}},"loc":{"start":{"line":218,"column":37},"end":{"line":221,"column":7}},"line":218},"14":{"name":"(anonymous_14)","decl":{"start":{"line":223,"column":30},"end":{"line":223,"column":31}},"loc":{"start":{"line":223,"column":44},"end":{"line":228,"column":5}},"line":223},"15":{"name":"(anonymous_15)","decl":{"start":{"line":235,"column":2},"end":{"line":235,"column":3}},"loc":{"start":{"line":235,"column":43},"end":{"line":237,"column":3}},"line":235}},"branchMap":{"0":{"loc":{"start":{"line":23,"column":6},"end":{"line":23,"column":60}},"type":"default-arg","locations":[{"start":{"line":23,"column":23},"end":{"line":23,"column":60}}],"line":23},"1":{"loc":{"start":{"line":24,"column":6},"end":{"line":24,"column":47}},"type":"default-arg","locations":[{"start":{"line":24,"column":19},"end":{"line":24,"column":47}}],"line":24},"2":{"loc":{"start":{"line":25,"column":6},"end":{"line":25,"column":20}},"type":"default-arg","locations":[{"start":{"line":25,"column":18},"end":{"line":25,"column":20}}],"line":25},"3":{"loc":{"start":{"line":30,"column":6},"end":{"line":32,"column":7}},"type":"if","locations":[{"start":{"line":30,"column":6},"end":{"line":32,"column":7}},{"start":{"line":30,"column":6},"end":{"line":32,"column":7}}],"line":30},"4":{"loc":{"start":{"line":30,"column":10},"end":{"line":30,"column":31}},"type":"binary-expr","locations":[{"start":{"line":30,"column":10},"end":{"line":30,"column":20}},{"start":{"line":30,"column":24},"end":{"line":30,"column":31}}],"line":30},"5":{"loc":{"start":{"line":39,"column":10},"end":{"line":41,"column":11}},"type":"if","locations":[{"start":{"line":39,"column":10},"end":{"line":41,"column":11}},{"start":{"line":39,"column":10},"end":{"line":41,"column":11}}],"line":39},"6":{"loc":{"start":{"line":61,"column":4},"end":{"line":63,"column":5}},"type":"if","locations":[{"start":{"line":61,"column":4},"end":{"line":63,"column":5}},{"start":{"line":61,"column":4},"end":{"line":63,"column":5}}],"line":61},"7":{"loc":{"start":{"line":64,"column":4},"end":{"line":66,"column":5}},"type":"if","locations":[{"start":{"line":64,"column":4},"end":{"line":66,"column":5}},{"start":{"line":64,"column":4},"end":{"line":66,"column":5}}],"line":64},"8":{"loc":{"start":{"line":98,"column":11},"end":{"line":100,"column":11}},"type":"cond-expr","locations":[{"start":{"line":99,"column":6},"end":{"line":99,"column":42}},{"start":{"line":100,"column":6},"end":{"line":100,"column":11}}],"line":98},"9":{"loc":{"start":{"line":120,"column":41},"end":{"line":120,"column":64}},"type":"default-arg","locations":[{"start":{"line":120,"column":63},"end":{"line":120,"column":64}}],"line":120},"10":{"loc":{"start":{"line":120,"column":78},"end":{"line":120,"column":93}},"type":"default-arg","locations":[{"start":{"line":120,"column":91},"end":{"line":120,"column":93}}],"line":120},"11":{"loc":{"start":{"line":120,"column":95},"end":{"line":120,"column":117}},"type":"default-arg","locations":[{"start":{"line":120,"column":115},"end":{"line":120,"column":117}}],"line":120},"12":{"loc":{"start":{"line":170,"column":19},"end":{"line":170,"column":31}},"type":"default-arg","locations":[{"start":{"line":170,"column":29},"end":{"line":170,"column":31}}],"line":170},"13":{"loc":{"start":{"line":184,"column":6},"end":{"line":186,"column":7}},"type":"if","locations":[{"start":{"line":184,"column":6},"end":{"line":186,"column":7}},{"start":{"line":184,"column":6},"end":{"line":186,"column":7}}],"line":184},"14":{"loc":{"start":{"line":198,"column":17},"end":{"line":198,"column":32}},"type":"default-arg","locations":[{"start":{"line":198,"column":30},"end":{"line":198,"column":32}}],"line":198},"15":{"loc":{"start":{"line":198,"column":34},"end":{"line":198,"column":56}},"type":"default-arg","locations":[{"start":{"line":198,"column":54},"end":{"line":198,"column":56}}],"line":198},"16":{"loc":{"start":{"line":198,"column":58},"end":{"line":198,"column":70}},"type":"default-arg","locations":[{"start":{"line":198,"column":68},"end":{"line":198,"column":70}}],"line":198},"17":{"loc":{"start":{"line":217,"column":4},"end":{"line":222,"column":5}},"type":"if","locations":[{"start":{"line":217,"column":4},"end":{"line":222,"column":5}},{"start":{"line":217,"column":4},"end":{"line":222,"column":5}}],"line":217}},"s":{"0":1,"1":1,"2":1,"3":1,"4":1,"5":1,"6":1,"7":0,"8":0,"9":0,"10":0,"11":0,"12":0,"13":0,"14":0,"15":0,"16":0,"17":0,"18":0,"19":0,"20":0,"21":0,"22":0,"23":0,"24":0,"25":0,"26":2,"27":0,"28":0,"29":0,"30":0,"31":0,"32":0,"33":0,"34":0,"35":0,"36":0,"37":0,"38":0,"39":0,"40":0,"41":0,"42":0,"43":0,"44":0,"45":2,"46":2,"47":2,"48":4,"49":4,"50":4,"51":4,"52":8,"53":4,"54":2,"55":0,"56":0,"57":0,"58":0,"59":0,"60":0,"61":0,"62":0,"63":0,"64":0,"65":0,"66":0,"67":0,"68":0,"69":0,"70":0,"71":0,"72":0,"73":0,"74":0,"75":0,"76":0,"77":0,"78":0,"79":0,"80":0,"81":2,"82":1},"f":{"0":0,"1":0,"2":0,"3":0,"4":0,"5":0,"6":0,"7":2,"8":0,"9":0,"10":2,"11":0,"12":0,"13":0,"14":0,"15":2},"b":{"0":[0],"1":[0],"2":[0],"3":[0,0],"4":[0,0],"5":[0,0],"6":[0,0],"7":[0,0],"8":[1,1],"9":[0],"10":[0],"11":[0],"12":[0],"13":[0,0],"14":[0],"15":[0],"16":[0],"17":[0,0]},"_coverageSchema":"43e27e138ebf9cfc5966b082cf9a028302ed4184","hash":"f517bc248ba6efb84635136cb2dccaa951704b5c"}
,"/home/carmichael/code/opensource/boats/src/UniqueOperationIds.js": {"path":"/home/carmichael/code/opensource/boats/src/UniqueOperationIds.js","statementMap":{"0":{"start":{"line":1,"column":13},"end":{"line":1,"column":28}},"1":{"start":{"line":2,"column":18},"end":{"line":2,"column":38}},"2":{"start":{"line":3,"column":16},"end":{"line":3,"column":36}},"3":{"start":{"line":4,"column":16},"end":{"line":4,"column":36}},"4":{"start":{"line":15,"column":4},"end":{"line":15,"column":31}},"5":{"start":{"line":16,"column":4},"end":{"line":16,"column":41}},"6":{"start":{"line":17,"column":4},"end":{"line":17,"column":74}},"7":{"start":{"line":18,"column":24},"end":{"line":18,"column":43}},"8":{"start":{"line":19,"column":4},"end":{"line":23,"column":5}},"9":{"start":{"line":19,"column":17},"end":{"line":19,"column":18}},"10":{"start":{"line":20,"column":6},"end":{"line":22,"column":7}},"11":{"start":{"line":21,"column":8},"end":{"line":21,"column":64}},"12":{"start":{"line":24,"column":4},"end":{"line":24,"column":43}},"13":{"start":{"line":33,"column":4},"end":{"line":33,"column":56}},"14":{"start":{"line":37,"column":0},"end":{"line":37,"column":42}}},"fnMap":{"0":{"name":"(anonymous_0)","decl":{"start":{"line":14,"column":2},"end":{"line":14,"column":3}},"loc":{"start":{"line":14,"column":59},"end":{"line":25,"column":3}},"line":14},"1":{"name":"(anonymous_1)","decl":{"start":{"line":32,"column":2},"end":{"line":32,"column":3}},"loc":{"start":{"line":32,"column":33},"end":{"line":34,"column":3}},"line":32}},"branchMap":{"0":{"loc":{"start":{"line":15,"column":10},"end":{"line":15,"column":30}},"type":"binary-expr","locations":[{"start":{"line":15,"column":10},"end":{"line":15,"column":13}},{"start":{"line":15,"column":17},"end":{"line":15,"column":30}}],"line":15},"1":{"loc":{"start":{"line":20,"column":6},"end":{"line":22,"column":7}},"type":"if","locations":[{"start":{"line":20,"column":6},"end":{"line":22,"column":7}},{"start":{"line":20,"column":6},"end":{"line":22,"column":7}}],"line":20}},"s":{"0":1,"1":1,"2":1,"3":1,"4":4,"5":4,"6":4,"7":4,"8":4,"9":4,"10":11,"11":11,"12":4,"13":6,"14":1},"f":{"0":4,"1":6},"b":{"0":[4,0],"1":[11,0]},"_coverageSchema":"43e27e138ebf9cfc5966b082cf9a028302ed4184","hash":"7cfc4b97e035cdbf3a698db92c3ceb543a06db8f"}
,"/home/carmichael/code/opensource/boats/src/bundlerSwaggerParse.js": {"path":"/home/carmichael/code/opensource/boats/src/bundlerSwaggerParse.js","statementMap":{"0":{"start":{"line":1,"column":13},"end":{"line":1,"column":28}},"1":{"start":{"line":2,"column":13},"end":{"line":2,"column":31}},"2":{"start":{"line":3,"column":11},"end":{"line":3,"column":30}},"3":{"start":{"line":4,"column":20},"end":{"line":4,"column":46}},"4":{"start":{"line":5,"column":17},"end":{"line":5,"column":38}},"5":{"start":{"line":6,"column":19},"end":{"line":6,"column":52}},"6":{"start":{"line":18,"column":0},"end":{"line":47,"column":2}},"7":{"start":{"line":20,"column":2},"end":{"line":25,"column":3}},"8":{"start":{"line":21,"column":4},"end":{"line":21,"column":27}},"9":{"start":{"line":22,"column":4},"end":{"line":22,"column":58}},"10":{"start":{"line":24,"column":4},"end":{"line":24,"column":27}},"11":{"start":{"line":26,"column":2},"end":{"line":28,"column":3}},"12":{"start":{"line":27,"column":4},"end":{"line":27,"column":52}},"13":{"start":{"line":29,"column":2},"end":{"line":29,"column":34}},"14":{"start":{"line":31,"column":2},"end":{"line":35,"column":3}},"15":{"start":{"line":32,"column":4},"end":{"line":32,"column":58}},"16":{"start":{"line":34,"column":4},"end":{"line":34,"column":51}},"17":{"start":{"line":36,"column":2},"end":{"line":36,"column":45}},"18":{"start":{"line":37,"column":24},"end":{"line":41,"column":3}},"19":{"start":{"line":42,"column":2},"end":{"line":45,"column":4}},"20":{"start":{"line":46,"column":2},"end":{"line":46,"column":23}}},"fnMap":{"0":{"name":"(anonymous_0)","decl":{"start":{"line":18,"column":17},"end":{"line":18,"column":18}},"loc":{"start":{"line":18,"column":110},"end":{"line":47,"column":1}},"line":18}},"branchMap":{"0":{"loc":{"start":{"line":18,"column":47},"end":{"line":18,"column":59}},"type":"default-arg","locations":[{"start":{"line":18,"column":57},"end":{"line":18,"column":59}}],"line":18},"1":{"loc":{"start":{"line":18,"column":61},"end":{"line":18,"column":76}},"type":"default-arg","locations":[{"start":{"line":18,"column":75},"end":{"line":18,"column":76}}],"line":18},"2":{"loc":{"start":{"line":26,"column":2},"end":{"line":28,"column":3}},"type":"if","locations":[{"start":{"line":26,"column":2},"end":{"line":28,"column":3}},{"start":{"line":26,"column":2},"end":{"line":28,"column":3}}],"line":26},"3":{"loc":{"start":{"line":31,"column":2},"end":{"line":35,"column":3}},"type":"if","locations":[{"start":{"line":31,"column":2},"end":{"line":35,"column":3}},{"start":{"line":31,"column":2},"end":{"line":35,"column":3}}],"line":31}},"s":{"0":0,"1":0,"2":0,"3":0,"4":0,"5":0,"6":0,"7":0,"8":0,"9":0,"10":0,"11":0,"12":0,"13":0,"14":0,"15":0,"16":0,"17":0,"18":0,"19":0,"20":0},"f":{"0":0},"b":{"0":[0],"1":[0],"2":[0,0],"3":[0,0]},"hash":"678e4732e16f14021d10e2690132401f972ac941"}
,"/home/carmichael/code/opensource/boats/src/calculateIndentFromLineBreak.js": {"path":"/home/carmichael/code/opensource/boats/src/calculateIndentFromLineBreak.js","statementMap":{"0":{"start":{"line":7,"column":0},"end":{"line":29,"column":1}},"1":{"start":{"line":8,"column":19},"end":{"line":8,"column":24}},"2":{"start":{"line":9,"column":26},"end":{"line":9,"column":27}},"3":{"start":{"line":10,"column":24},"end":{"line":10,"column":25}},"4":{"start":{"line":11,"column":2},"end":{"line":27,"column":3}},"5":{"start":{"line":11,"column":15},"end":{"line":11,"column":22}},"6":{"start":{"line":12,"column":4},"end":{"line":26,"column":5}},"7":{"start":{"line":13,"column":6},"end":{"line":13,"column":23}},"8":{"start":{"line":14,"column":6},"end":{"line":14,"column":27}},"9":{"start":{"line":15,"column":11},"end":{"line":26,"column":5}},"10":{"start":{"line":16,"column":6},"end":{"line":16,"column":25}},"11":{"start":{"line":17,"column":6},"end":{"line":21,"column":7}},"12":{"start":{"line":18,"column":8},"end":{"line":18,"column":25}},"13":{"start":{"line":19,"column":13},"end":{"line":21,"column":7}},"14":{"start":{"line":20,"column":8},"end":{"line":20,"column":25}},"15":{"start":{"line":22,"column":6},"end":{"line":22,"column":11}},"16":{"start":{"line":23,"column":11},"end":{"line":26,"column":5}},"17":{"start":{"line":24,"column":6},"end":{"line":24,"column":24}},"18":{"start":{"line":25,"column":6},"end":{"line":25,"column":27}},"19":{"start":{"line":28,"column":2},"end":{"line":28,"column":76}}},"fnMap":{"0":{"name":"(anonymous_0)","decl":{"start":{"line":7,"column":17},"end":{"line":7,"column":18}},"loc":{"start":{"line":7,"column":35},"end":{"line":29,"column":1}},"line":7}},"branchMap":{"0":{"loc":{"start":{"line":12,"column":4},"end":{"line":26,"column":5}},"type":"if","locations":[{"start":{"line":12,"column":4},"end":{"line":26,"column":5}},{"start":{"line":12,"column":4},"end":{"line":26,"column":5}}],"line":12},"1":{"loc":{"start":{"line":12,"column":8},"end":{"line":12,"column":37}},"type":"binary-expr","locations":[{"start":{"line":12,"column":8},"end":{"line":12,"column":22}},{"start":{"line":12,"column":26},"end":{"line":12,"column":37}}],"line":12},"2":{"loc":{"start":{"line":15,"column":11},"end":{"line":26,"column":5}},"type":"if","locations":[{"start":{"line":15,"column":11},"end":{"line":26,"column":5}},{"start":{"line":15,"column":11},"end":{"line":26,"column":5}}],"line":15},"3":{"loc":{"start":{"line":15,"column":15},"end":{"line":15,"column":41}},"type":"binary-expr","locations":[{"start":{"line":15,"column":15},"end":{"line":15,"column":30}},{"start":{"line":15,"column":34},"end":{"line":15,"column":41}}],"line":15},"4":{"loc":{"start":{"line":17,"column":6},"end":{"line":21,"column":7}},"type":"if","locations":[{"start":{"line":17,"column":6},"end":{"line":21,"column":7}},{"start":{"line":17,"column":6},"end":{"line":21,"column":7}}],"line":17},"5":{"loc":{"start":{"line":17,"column":10},"end":{"line":17,"column":61}},"type":"binary-expr","locations":[{"start":{"line":17,"column":10},"end":{"line":17,"column":25}},{"start":{"line":17,"column":29},"end":{"line":17,"column":36}},{"start":{"line":17,"column":40},"end":{"line":17,"column":61}}],"line":17},"6":{"loc":{"start":{"line":19,"column":13},"end":{"line":21,"column":7}},"type":"if","locations":[{"start":{"line":19,"column":13},"end":{"line":21,"column":7}},{"start":{"line":19,"column":13},"end":{"line":21,"column":7}}],"line":19},"7":{"loc":{"start":{"line":19,"column":17},"end":{"line":19,"column":68}},"type":"binary-expr","locations":[{"start":{"line":19,"column":17},"end":{"line":19,"column":32}},{"start":{"line":19,"column":36},"end":{"line":19,"column":43}},{"start":{"line":19,"column":47},"end":{"line":19,"column":68}}],"line":19},"8":{"loc":{"start":{"line":23,"column":11},"end":{"line":26,"column":5}},"type":"if","locations":[{"start":{"line":23,"column":11},"end":{"line":26,"column":5}},{"start":{"line":23,"column":11},"end":{"line":26,"column":5}}],"line":23},"9":{"loc":{"start":{"line":28,"column":9},"end":{"line":28,"column":76}},"type":"cond-expr","locations":[{"start":{"line":28,"column":37},"end":{"line":28,"column":38}},{"start":{"line":28,"column":41},"end":{"line":28,"column":76}}],"line":28}},"s":{"0":2,"1":16,"2":16,"3":16,"4":16,"5":16,"6":177,"7":19,"8":19,"9":158,"10":16,"11":16,"12":1,"13":15,"14":2,"15":16,"16":142,"17":125,"18":125,"19":16},"f":{"0":16},"b":{"0":[19,158],"1":[177,38],"2":[16,142],"3":[158,145],"4":[1,15],"5":[16,13,3],"6":[2,13],"7":[15,3,3],"8":[125,17],"9":[8,8]},"_coverageSchema":"43e27e138ebf9cfc5966b082cf9a028302ed4184","hash":"058fbb431adec6ffdd9940d3175af348a2ae8756"}
,"/home/carmichael/code/opensource/boats/src/cloneObject.js": {"path":"/home/carmichael/code/opensource/boats/src/cloneObject.js","statementMap":{"0":{"start":{"line":4,"column":0},"end":{"line":6,"column":1}},"1":{"start":{"line":5,"column":2},"end":{"line":5,"column":40}}},"fnMap":{"0":{"name":"(anonymous_0)","decl":{"start":{"line":4,"column":17},"end":{"line":4,"column":18}},"loc":{"start":{"line":4,"column":26},"end":{"line":6,"column":1}},"line":4}},"branchMap":{},"s":{"0":2,"1":3},"f":{"0":3},"b":{},"_coverageSchema":"43e27e138ebf9cfc5966b082cf9a028302ed4184","hash":"d5fe604d807e4c1e88fd2d986cc2c2590c60373e"}
,"/home/carmichael/code/opensource/boats/src/defaults.js": {"path":"/home/carmichael/code/opensource/boats/src/defaults.js","statementMap":{"0":{"start":{"line":1,"column":0},"end":{"line":6,"column":1}}},"fnMap":{},"branchMap":{},"s":{"0":1},"f":{},"b":{},"_coverageSchema":"43e27e138ebf9cfc5966b082cf9a028302ed4184","hash":"eee0acb00647a88c5d684f2fff7329f107a390f3"}
,"/home/carmichael/code/opensource/boats/src/getOutputName.js": {"path":"/home/carmichael/code/opensource/boats/src/getOutputName.js","statementMap":{"0":{"start":{"line":1,"column":13},"end":{"line":1,"column":28}},"1":{"start":{"line":2,"column":16},"end":{"line":2,"column":39}},"2":{"start":{"line":3,"column":11},"end":{"line":3,"column":30}},"3":{"start":{"line":5,"column":19},"end":{"line":26,"column":1}},"4":{"start":{"line":6,"column":20},"end":{"line":6,"column":22}},"5":{"start":{"line":7,"column":2},"end":{"line":9,"column":3}},"6":{"start":{"line":8,"column":4},"end":{"line":8,"column":22}},"7":{"start":{"line":10,"column":2},"end":{"line":24,"column":3}},"8":{"start":{"line":11,"column":4},"end":{"line":11,"column":38}},"9":{"start":{"line":12,"column":9},"end":{"line":24,"column":3}},"10":{"start":{"line":14,"column":4},"end":{"line":18,"column":5}},"11":{"start":{"line":15,"column":6},"end":{"line":15,"column":65}},"12":{"start":{"line":17,"column":6},"end":{"line":17,"column":22}},"13":{"start":{"line":19,"column":4},"end":{"line":23,"column":5}},"14":{"start":{"line":20,"column":6},"end":{"line":20,"column":39}},"15":{"start":{"line":22,"column":6},"end":{"line":22,"column":24}},"16":{"start":{"line":25,"column":2},"end":{"line":25,"column":26}},"17":{"start":{"line":28,"column":20},"end":{"line":31,"column":1}},"18":{"start":{"line":29,"column":15},"end":{"line":29,"column":74}},"19":{"start":{"line":30,"column":2},"end":{"line":30,"column":80}},"20":{"start":{"line":33,"column":0},"end":{"line":35,"column":1}},"21":{"start":{"line":34,"column":2},"end":{"line":34,"column":94}}},"fnMap":{"0":{"name":"(anonymous_0)","decl":{"start":{"line":5,"column":19},"end":{"line":5,"column":20}},"loc":{"start":{"line":5,"column":48},"end":{"line":26,"column":1}},"line":5},"1":{"name":"(anonymous_1)","decl":{"start":{"line":28,"column":20},"end":{"line":28,"column":21}},"loc":{"start":{"line":28,"column":63},"end":{"line":31,"column":1}},"line":28},"2":{"name":"(anonymous_2)","decl":{"start":{"line":33,"column":17},"end":{"line":33,"column":18}},"loc":{"start":{"line":33,"column":60},"end":{"line":35,"column":1}},"line":33}},"branchMap":{"0":{"loc":{"start":{"line":7,"column":2},"end":{"line":9,"column":3}},"type":"if","locations":[{"start":{"line":7,"column":2},"end":{"line":9,"column":3}},{"start":{"line":7,"column":2},"end":{"line":9,"column":3}}],"line":7},"1":{"loc":{"start":{"line":10,"column":2},"end":{"line":24,"column":3}},"type":"if","locations":[{"start":{"line":10,"column":2},"end":{"line":24,"column":3}},{"start":{"line":10,"column":2},"end":{"line":24,"column":3}}],"line":10},"2":{"loc":{"start":{"line":12,"column":9},"end":{"line":24,"column":3}},"type":"if","locations":[{"start":{"line":12,"column":9},"end":{"line":24,"column":3}},{"start":{"line":12,"column":9},"end":{"line":24,"column":3}}],"line":12},"3":{"loc":{"start":{"line":19,"column":4},"end":{"line":23,"column":5}},"type":"if","locations":[{"start":{"line":19,"column":4},"end":{"line":23,"column":5}},{"start":{"line":19,"column":4},"end":{"line":23,"column":5}}],"line":19}},"s":{"0":0,"1":0,"2":0,"3":0,"4":0,"5":0,"6":0,"7":0,"8":0,"9":0,"10":0,"11":0,"12":0,"13":0,"14":0,"15":0,"16":0,"17":0,"18":0,"19":0,"20":0,"21":0},"f":{"0":0,"1":0,"2":0},"b":{"0":[0,0],"1":[0,0],"2":[0,0],"3":[0,0]},"hash":"624f1b5fce52948e15138b04087175aae4503b54"}
,"/home/carmichael/code/opensource/boats/src/lcFirst.js": {"path":"/home/carmichael/code/opensource/boats/src/lcFirst.js","statementMap":{"0":{"start":{"line":6,"column":0},"end":{"line":17,"column":1}},"1":{"start":{"line":7,"column":2},"end":{"line":9,"column":3}},"2":{"start":{"line":8,"column":4},"end":{"line":8,"column":92}},"3":{"start":{"line":10,"column":2},"end":{"line":12,"column":3}},"4":{"start":{"line":11,"column":4},"end":{"line":11,"column":17}},"5":{"start":{"line":13,"column":2},"end":{"line":15,"column":3}},"6":{"start":{"line":14,"column":4},"end":{"line":14,"column":37}},"7":{"start":{"line":16,"column":2},"end":{"line":16,"column":63}}},"fnMap":{"0":{"name":"(anonymous_0)","decl":{"start":{"line":6,"column":17},"end":{"line":6,"column":18}},"loc":{"start":{"line":6,"column":29},"end":{"line":17,"column":1}},"line":6}},"branchMap":{"0":{"loc":{"start":{"line":7,"column":2},"end":{"line":9,"column":3}},"type":"if","locations":[{"start":{"line":7,"column":2},"end":{"line":9,"column":3}},{"start":{"line":7,"column":2},"end":{"line":9,"column":3}}],"line":7},"1":{"loc":{"start":{"line":10,"column":2},"end":{"line":12,"column":3}},"type":"if","locations":[{"start":{"line":10,"column":2},"end":{"line":12,"column":3}},{"start":{"line":10,"column":2},"end":{"line":12,"column":3}}],"line":10},"2":{"loc":{"start":{"line":13,"column":2},"end":{"line":15,"column":3}},"type":"if","locations":[{"start":{"line":13,"column":2},"end":{"line":15,"column":3}},{"start":{"line":13,"column":2},"end":{"line":15,"column":3}}],"line":13}},"s":{"0":2,"1":8,"2":0,"3":8,"4":1,"5":7,"6":1,"7":6},"f":{"0":8},"b":{"0":[0,8],"1":[1,7],"2":[1,6]},"_coverageSchema":"43e27e138ebf9cfc5966b082cf9a028302ed4184","hash":"cd5bfcf5901401164b04f23167ac5e7ef29d15f6"}
,"/home/carmichael/code/opensource/boats/src/ucFirst.js": {"path":"/home/carmichael/code/opensource/boats/src/ucFirst.js","statementMap":{"0":{"start":{"line":6,"column":0},"end":{"line":11,"column":1}},"1":{"start":{"line":7,"column":2},"end":{"line":9,"column":3}},"2":{"start":{"line":8,"column":4},"end":{"line":8,"column":92}},"3":{"start":{"line":10,"column":2},"end":{"line":10,"column":57}}},"fnMap":{"0":{"name":"(anonymous_0)","decl":{"start":{"line":6,"column":17},"end":{"line":6,"column":18}},"loc":{"start":{"line":6,"column":29},"end":{"line":11,"column":1}},"line":6}},"branchMap":{"0":{"loc":{"start":{"line":7,"column":2},"end":{"line":9,"column":3}},"type":"if","locations":[{"start":{"line":7,"column":2},"end":{"line":9,"column":3}},{"start":{"line":7,"column":2},"end":{"line":9,"column":3}}],"line":7}},"s":{"0":2,"1":15,"2":0,"3":15},"f":{"0":15},"b":{"0":[0,15]},"_coverageSchema":"43e27e138ebf9cfc5966b082cf9a028302ed4184","hash":"028ed2357eb93d337867b09787e3dc4ec4fe4d2a"}
,"/home/carmichael/code/opensource/boats/src/validate.js": {"path":"/home/carmichael/code/opensource/boats/src/validate.js","statementMap":{"0":{"start":{"line":1,"column":20},"end":{"line":1,"column":44}},"1":{"start":{"line":8,"column":0},"end":{"line":39,"column":2}},"2":{"start":{"line":10,"column":4},"end":{"line":22,"column":7}},"3":{"start":{"line":11,"column":6},"end":{"line":13,"column":7}},"4":{"start":{"line":12,"column":8},"end":{"line":12,"column":35}},"5":{"start":{"line":14,"column":28},"end":{"line":14,"column":53}},"6":{"start":{"line":15,"column":6},"end":{"line":21,"column":11}},"7":{"start":{"line":17,"column":10},"end":{"line":17,"column":24}},"8":{"start":{"line":20,"column":10},"end":{"line":20,"column":22}},"9":{"start":{"line":25,"column":4},"end":{"line":37,"column":7}},"10":{"start":{"line":26,"column":6},"end":{"line":28,"column":7}},"11":{"start":{"line":27,"column":8},"end":{"line":27,"column":35}},"12":{"start":{"line":29,"column":21},"end":{"line":29,"column":47}},"13":{"start":{"line":30,"column":6},"end":{"line":36,"column":11}},"14":{"start":{"line":32,"column":10},"end":{"line":32,"column":24}},"15":{"start":{"line":35,"column":10},"end":{"line":35,"column":22}}},"fnMap":{"0":{"name":"(anonymous_0)","decl":{"start":{"line":9,"column":11},"end":{"line":9,"column":12}},"loc":{"start":{"line":9,"column":22},"end":{"line":23,"column":3}},"line":9},"1":{"name":"(anonymous_1)","decl":{"start":{"line":10,"column":23},"end":{"line":10,"column":24}},"loc":{"start":{"line":10,"column":44},"end":{"line":22,"column":5}},"line":10},"2":{"name":"(anonymous_2)","decl":{"start":{"line":16,"column":14},"end":{"line":16,"column":15}},"loc":{"start":{"line":16,"column":24},"end":{"line":18,"column":9}},"line":16},"3":{"name":"(anonymous_3)","decl":{"start":{"line":19,"column":15},"end":{"line":19,"column":16}},"loc":{"start":{"line":19,"column":24},"end":{"line":21,"column":9}},"line":19},"4":{"name":"(anonymous_4)","decl":{"start":{"line":24,"column":12},"end":{"line":24,"column":13}},"loc":{"start":{"line":24,"column":23},"end":{"line":38,"column":3}},"line":24},"5":{"name":"(anonymous_5)","decl":{"start":{"line":25,"column":23},"end":{"line":25,"column":24}},"loc":{"start":{"line":25,"column":44},"end":{"line":37,"column":5}},"line":25},"6":{"name":"(anonymous_6)","decl":{"start":{"line":31,"column":14},"end":{"line":31,"column":15}},"loc":{"start":{"line":31,"column":24},"end":{"line":33,"column":9}},"line":31},"7":{"name":"(anonymous_7)","decl":{"start":{"line":34,"column":15},"end":{"line":34,"column":16}},"loc":{"start":{"line":34,"column":24},"end":{"line":36,"column":9}},"line":34}},"branchMap":{"0":{"loc":{"start":{"line":11,"column":6},"end":{"line":13,"column":7}},"type":"if","locations":[{"start":{"line":11,"column":6},"end":{"line":13,"column":7}},{"start":{"line":11,"column":6},"end":{"line":13,"column":7}}],"line":11},"1":{"loc":{"start":{"line":26,"column":6},"end":{"line":28,"column":7}},"type":"if","locations":[{"start":{"line":26,"column":6},"end":{"line":28,"column":7}},{"start":{"line":26,"column":6},"end":{"line":28,"column":7}}],"line":26}},"s":{"0":0,"1":0,"2":0,"3":0,"4":0,"5":0,"6":0,"7":0,"8":0,"9":0,"10":0,"11":0,"12":0,"13":0,"14":0,"15":0},"f":{"0":0,"1":0,"2":0,"3":0,"4":0,"5":0,"6":0,"7":0},"b":{"0":[0,0],"1":[0,0]},"hash":"1fcdf2592a18505e3fdde3daec0e271e4946f267"}
}
