TN:
SF:/home/carmichael/code/opensource/boats/src/Injector.js
FN:2,(anonymous_0)
FN:15,(anonymous_1)
FN:25,(anonymous_2)
FN:50,(anonymous_3)
FNF:4
FNH:0
FNDA:0,(anonymous_0)
FNDA:0,(anonymous_1)
FNDA:0,(anonymous_2)
FNDA:0,(anonymous_3)
DA:3,0
DA:4,0
DA:6,0
DA:7,0
DA:8,0
DA:9,0
DA:12,0
DA:16,0
DA:17,0
DA:19,0
DA:20,0
DA:22,0
DA:26,0
DA:27,0
DA:28,0
DA:29,0
DA:31,0
DA:32,0
DA:33,0
DA:34,0
DA:35,0
DA:36,0
DA:37,0
DA:39,0
DA:43,0
DA:47,0
DA:51,0
DA:52,0
DA:53,0
DA:54,0
DA:57,0
DA:59,0
DA:60,0
DA:61,0
DA:62,0
DA:63,0
DA:64,0
DA:65,0
DA:67,0
DA:71,0
DA:76,0
DA:80,0
LF:42
LH:0
BRDA:3,0,0,0
BRDA:3,0,1,0
BRDA:8,1,0,0
BRDA:8,1,1,0
BRDA:16,2,0,0
BRDA:16,2,1,0
BRDA:19,3,0,0
BRDA:19,3,1,0
BRDA:26,4,0,0
BRDA:26,4,1,0
BRDA:28,5,0,0
BRDA:28,5,1,0
BRDA:33,6,0,0
BRDA:33,6,1,0
BRDA:35,7,0,0
BRDA:35,7,1,0
BRDA:36,8,0,0
BRDA:36,8,1,0
BRDA:51,9,0,0
BRDA:51,9,1,0
BRDA:53,10,0,0
BRDA:53,10,1,0
BRDA:61,11,0,0
BRDA:61,11,1,0
BRDA:63,12,0,0
BRDA:63,12,1,0
BRDA:64,13,0,0
BRDA:64,13,1,0
BRF:28
BRH:0
end_of_record
TN:
SF:/home/carmichael/code/opensource/boats/src/Template.js
FN:20,(anonymous_0)
FN:29,(anonymous_1)
FN:36,(anonymous_2)
FN:44,(anonymous_3)
FN:47,(anonymous_4)
FN:60,(anonymous_5)
FN:78,(anonymous_6)
FN:97,(anonymous_7)
FN:103,(anonymous_8)
FN:120,(anonymous_9)
FN:146,(anonymous_10)
FN:170,(anonymous_11)
FN:198,(anonymous_12)
FN:218,(anonymous_13)
FN:223,(anonymous_14)
FN:235,(anonymous_15)
FNF:16
FNH:3
FNDA:0,(anonymous_0)
FNDA:0,(anonymous_1)
FNDA:0,(anonymous_2)
FNDA:0,(anonymous_3)
FNDA:0,(anonymous_4)
FNDA:0,(anonymous_5)
FNDA:0,(anonymous_6)
FNDA:2,(anonymous_7)
FNDA:0,(anonymous_8)
FNDA:0,(anonymous_9)
FNDA:2,(anonymous_10)
FNDA:0,(anonymous_11)
FNDA:0,(anonymous_12)
FNDA:0,(anonymous_13)
FNDA:0,(anonymous_14)
FNDA:2,(anonymous_15)
DA:1,1
DA:2,1
DA:3,1
DA:4,1
DA:5,1
DA:6,1
DA:7,1
DA:29,0
DA:30,0
DA:31,0
DA:33,0
DA:35,0
DA:37,0
DA:38,0
DA:39,0
DA:40,0
DA:42,0
DA:45,0
DA:48,0
DA:61,0
DA:62,0
DA:64,0
DA:65,0
DA:67,0
DA:79,0
DA:80,0
DA:98,2
DA:104,0
DA:105,0
DA:106,0
DA:121,0
DA:122,0
DA:123,0
DA:124,0
DA:125,0
DA:126,0
DA:127,0
DA:128,0
DA:129,0
DA:130,0
DA:131,0
DA:132,0
DA:134,0
DA:135,0
DA:136,0
DA:147,2
DA:149,2
DA:150,2
DA:151,4
DA:156,4
DA:157,4
DA:158,8
DA:160,4
DA:162,2
DA:171,0
DA:182,0
DA:183,0
DA:184,0
DA:185,0
DA:188,0
DA:199,0
DA:200,0
DA:201,0
DA:202,0
DA:203,0
DA:205,0
DA:207,0
DA:208,0
DA:209,0
DA:210,0
DA:211,0
DA:213,0
DA:214,0
DA:215,0
DA:217,0
DA:218,0
DA:219,0
DA:220,0
DA:223,0
DA:224,0
DA:236,2
DA:240,1
LF:82
LH:19
BRDA:23,0,0,0
BRDA:24,1,0,0
BRDA:25,2,0,0
BRDA:30,3,0,0
BRDA:30,3,1,0
BRDA:30,4,0,0
BRDA:30,4,1,0
BRDA:39,5,0,0
BRDA:39,5,1,0
BRDA:61,6,0,0
BRDA:61,6,1,0
BRDA:64,7,0,0
BRDA:64,7,1,0
BRDA:98,8,0,1
BRDA:98,8,1,1
BRDA:120,9,0,0
BRDA:120,10,0,0
BRDA:120,11,0,0
BRDA:170,12,0,0
BRDA:184,13,0,0
BRDA:184,13,1,0
BRDA:198,14,0,0
BRDA:198,15,0,0
BRDA:198,16,0,0
BRDA:217,17,0,0
BRDA:217,17,1,0
BRF:26
BRH:2
end_of_record
TN:
SF:/home/carmichael/code/opensource/boats/src/UniqueOperationIds.js
FN:14,(anonymous_0)
FN:32,(anonymous_1)
FNF:2
FNH:2
FNDA:4,(anonymous_0)
FNDA:6,(anonymous_1)
DA:1,1
DA:2,1
DA:3,1
DA:4,1
DA:15,4
DA:16,4
DA:17,4
DA:18,4
DA:19,4
DA:20,11
DA:21,11
DA:24,4
DA:33,6
DA:37,1
LF:14
LH:14
BRDA:15,0,0,4
BRDA:15,0,1,0
BRDA:20,1,0,11
BRDA:20,1,1,0
BRF:4
BRH:2
end_of_record
TN:
SF:/home/carmichael/code/opensource/boats/src/bundlerSwaggerParse.js
FN:18,(anonymous_0)
FNF:1
FNH:0
FNDA:0,(anonymous_0)
DA:1,0
DA:2,0
DA:3,0
DA:4,0
DA:5,0
DA:6,0
DA:18,0
DA:20,0
DA:21,0
DA:22,0
DA:24,0
DA:26,0
DA:27,0
DA:29,0
DA:31,0
DA:32,0
DA:34,0
DA:36,0
DA:37,0
DA:42,0
DA:46,0
LF:21
LH:0
BRDA:18,0,0,0
BRDA:18,1,0,0
BRDA:26,2,0,0
BRDA:26,2,1,0
BRDA:31,3,0,0
BRDA:31,3,1,0
BRF:6
BRH:0
end_of_record
TN:
SF:/home/carmichael/code/opensource/boats/src/calculateIndentFromLineBreak.js
FN:7,(anonymous_0)
FNF:1
FNH:1
FNDA:16,(anonymous_0)
DA:7,2
DA:8,16
DA:9,16
DA:10,16
DA:11,16
DA:12,177
DA:13,19
DA:14,19
DA:15,158
DA:16,16
DA:17,16
DA:18,1
DA:19,15
DA:20,2
DA:22,16
DA:23,142
DA:24,125
DA:25,125
DA:28,16
LF:19
LH:19
BRDA:12,0,0,19
BRDA:12,0,1,158
BRDA:12,1,0,177
BRDA:12,1,1,38
BRDA:15,2,0,16
BRDA:15,2,1,142
BRDA:15,3,0,158
BRDA:15,3,1,145
BRDA:17,4,0,1
BRDA:17,4,1,15
BRDA:17,5,0,16
BRDA:17,5,1,13
BRDA:17,5,2,3
BRDA:19,6,0,2
BRDA:19,6,1,13
BRDA:19,7,0,15
BRDA:19,7,1,3
BRDA:19,7,2,3
BRDA:23,8,0,125
BRDA:23,8,1,17
BRDA:28,9,0,8
BRDA:28,9,1,8
BRF:22
BRH:22
end_of_record
TN:
SF:/home/carmichael/code/opensource/boats/src/cloneObject.js
FN:4,(anonymous_0)
FNF:1
FNH:1
FNDA:3,(anonymous_0)
DA:4,2
DA:5,3
LF:2
LH:2
BRF:0
BRH:0
end_of_record
TN:
SF:/home/carmichael/code/opensource/boats/src/defaults.js
FNF:0
FNH:0
DA:1,1
LF:1
LH:1
BRF:0
BRH:0
end_of_record
TN:
SF:/home/carmichael/code/opensource/boats/src/getOutputName.js
FN:5,(anonymous_0)
FN:28,(anonymous_1)
FN:33,(anonymous_2)
FNF:3
FNH:0
FNDA:0,(anonymous_0)
FNDA:0,(anonymous_1)
FNDA:0,(anonymous_2)
DA:1,0
DA:2,0
DA:3,0
DA:5,0
DA:6,0
DA:7,0
DA:8,0
DA:10,0
DA:11,0
DA:12,0
DA:14,0
DA:15,0
DA:17,0
DA:19,0
DA:20,0
DA:22,0
DA:25,0
DA:28,0
DA:29,0
DA:30,0
DA:33,0
DA:34,0
LF:22
LH:0
BRDA:7,0,0,0
BRDA:7,0,1,0
BRDA:10,1,0,0
BRDA:10,1,1,0
BRDA:12,2,0,0
BRDA:12,2,1,0
BRDA:19,3,0,0
BRDA:19,3,1,0
BRF:8
BRH:0
end_of_record
TN:
SF:/home/carmichael/code/opensource/boats/src/lcFirst.js
FN:6,(anonymous_0)
FNF:1
FNH:1
FNDA:8,(anonymous_0)
DA:6,2
DA:7,8
DA:8,0
DA:10,8
DA:11,1
DA:13,7
DA:14,1
DA:16,6
LF:8
LH:7
BRDA:7,0,0,0
BRDA:7,0,1,8
BRDA:10,1,0,1
BRDA:10,1,1,7
BRDA:13,2,0,1
BRDA:13,2,1,6
BRF:6
BRH:5
end_of_record
TN:
SF:/home/carmichael/code/opensource/boats/src/ucFirst.js
FN:6,(anonymous_0)
FNF:1
FNH:1
FNDA:15,(anonymous_0)
DA:6,2
DA:7,15
DA:8,0
DA:10,15
LF:4
LH:3
BRDA:7,0,0,0
BRDA:7,0,1,15
BRF:2
BRH:1
end_of_record
TN:
SF:/home/carmichael/code/opensource/boats/src/validate.js
FN:9,(anonymous_0)
FN:10,(anonymous_1)
FN:16,(anonymous_2)
FN:19,(anonymous_3)
FN:24,(anonymous_4)
FN:25,(anonymous_5)
FN:31,(anonymous_6)
FN:34,(anonymous_7)
FNF:8
FNH:0
FNDA:0,(anonymous_0)
FNDA:0,(anonymous_1)
FNDA:0,(anonymous_2)
FNDA:0,(anonymous_3)
FNDA:0,(anonymous_4)
FNDA:0,(anonymous_5)
FNDA:0,(anonymous_6)
FNDA:0,(anonymous_7)
DA:1,0
DA:8,0
DA:10,0
DA:11,0
DA:12,0
DA:14,0
DA:15,0
DA:17,0
DA:20,0
DA:25,0
DA:26,0
DA:27,0
DA:29,0
DA:30,0
DA:32,0
DA:35,0
LF:16
LH:0
BRDA:11,0,0,0
BRDA:11,0,1,0
BRDA:26,1,0,0
BRDA:26,1,1,0
BRF:4
BRH:0
end_of_record
